ELF file with header for /bin/sleep
ELF Header:
  Magic:   7f 45 4c 46 02 01 01 00 00 00 00 00 00 00 00 00 
  Class:                             ELF64
  Data:                              2's complement, little endian
  Version:                           1 (current)
  OS/ABI:                            UNIX - System V
  ABI Version:                       0
  Type:                              DYN (Shared object file)
  Machine:                           Advanced Micro Devices X86-64
  Version:                           0x1
  Entry point address:               0x1b70
  Start of program headers:          64 (bytes into file)
  Start of section headers:          33208 (bytes into file)
  Flags:                             0x0
  Size of this header:               64 (bytes)
  Size of program headers:           56 (bytes)
  Number of program headers:         9
  Size of section headers:           64 (bytes)
  Number of section headers:         28
  Section header string table index: 27

ELF file with section for /bin/sleep
There are 28 section headers, starting at offset 0x81b8:

Section Headers:
  [Nr] Name              Type             Address           Offset
       Size              EntSize          Flags  Link  Info  Align
  [ 0]                   NULL             0000000000000000  00000000
       0000000000000000  0000000000000000           0     0     0
  [ 1] .interp           PROGBITS         0000000000000238  00000238
       000000000000001c  0000000000000000   A       0     0     1
  [ 2] .note.ABI-tag     NOTE             0000000000000254  00000254
       0000000000000020  0000000000000000   A       0     0     4
  [ 3] .note.gnu.build-i NOTE             0000000000000274  00000274
       0000000000000024  0000000000000000   A       0     0     4
  [ 4] .gnu.hash         GNU_HASH         0000000000000298  00000298
       000000000000006c  0000000000000000   A       5     0     8
  [ 5] .dynsym           DYNSYM           0000000000000308  00000308
       00000000000006c0  0000000000000018   A       6     1     8
  [ 6] .dynstr           STRTAB           00000000000009c8  000009c8
       000000000000034a  0000000000000000   A       0     0     1
  [ 7] .gnu.version      VERSYM           0000000000000d12  00000d12
       0000000000000090  0000000000000002   A       5     0     2
  [ 8] .gnu.version_r    VERNEED          0000000000000da8  00000da8
       0000000000000060  0000000000000000   A       6     1     8
  [ 9] .rela.dyn         RELA             0000000000000e08  00000e08
       00000000000002b8  0000000000000018   A       5     0     8
  [10] .rela.plt         RELA             00000000000010c0  000010c0
       00000000000004b0  0000000000000018  AI       5    23     8
  [11] .init             PROGBITS         0000000000001570  00001570
       0000000000000017  0000000000000000  AX       0     0     4
  [12] .plt              PROGBITS         0000000000001590  00001590
       0000000000000330  0000000000000010  AX       0     0     16
  [13] .plt.got          PROGBITS         00000000000018c0  000018c0
       0000000000000008  0000000000000008  AX       0     0     8
  [14] .text             PROGBITS         00000000000018d0  000018d0
       0000000000003989  0000000000000000  AX       0     0     16
  [15] .fini             PROGBITS         000000000000525c  0000525c
       0000000000000009  0000000000000000  AX       0     0     4
  [16] .rodata           PROGBITS         0000000000005280  00005280
       0000000000000d20  0000000000000000   A       0     0     32
  [17] .eh_frame_hdr     PROGBITS         0000000000005fa0  00005fa0
       000000000000026c  0000000000000000   A       0     0     4
  [18] .eh_frame         PROGBITS         0000000000006210  00006210
       0000000000000c20  0000000000000000   A       0     0     8
  [19] .init_array       INIT_ARRAY       0000000000207b70  00007b70
       0000000000000008  0000000000000008  WA       0     0     8
  [20] .fini_array       FINI_ARRAY       0000000000207b78  00007b78
       0000000000000008  0000000000000008  WA       0     0     8
  [21] .data.rel.ro      PROGBITS         0000000000207b80  00007b80
       00000000000000b8  0000000000000000  WA       0     0     32
  [22] .dynamic          DYNAMIC          0000000000207c38  00007c38
       00000000000001f0  0000000000000010  WA       6     0     8
  [23] .got              PROGBITS         0000000000207e28  00007e28
       00000000000001d0  0000000000000008  WA       0     0     8
  [24] .data             PROGBITS         0000000000208000  00008000
       0000000000000080  0000000000000000  WA       0     0     32
  [25] .bss              NOBITS           0000000000208080  00008080
       00000000000001c0  0000000000000000  WA       0     0     32
  [26] .gnu_debuglink    PROGBITS         0000000000000000  00008080
       0000000000000034  0000000000000000           0     0     4
  [27] .shstrtab         STRTAB           0000000000000000  000080b4
       0000000000000101  0000000000000000           0     0     1
Key to Flags:
  W (write), A (alloc), X (execute), M (merge), S (strings), I (info),
  L (link order), O (extra OS processing required), G (group), T (TLS),
  C (compressed), x (unknown), o (OS specific), E (exclude),
  l (large), p (processor specific)

memory map for sleep
55776ec43000-55776ec4a000 r-xp 00000000 fc:02 262276                     /bin/sleep
55776ee4a000-55776ee4b000 r--p 00007000 fc:02 262276                     /bin/sleep
55776ee4b000-55776ee4c000 rw-p 00008000 fc:02 262276                     /bin/sleep
557770b2e000-557770b4f000 rw-p 00000000 00:00 0                          [heap]
7ff6912a7000-7ff69141a000 r--p 00000000 fc:02 264063                     /usr/lib/locale/C.UTF-8/LC_COLLATE
7ff69141a000-7ff691601000 r-xp 00000000 fc:02 398784                     /lib/x86_64-linux-gnu/libc-2.27.so
7ff691601000-7ff691801000 ---p 001e7000 fc:02 398784                     /lib/x86_64-linux-gnu/libc-2.27.so
7ff691801000-7ff691805000 r--p 001e7000 fc:02 398784                     /lib/x86_64-linux-gnu/libc-2.27.so
7ff691805000-7ff691807000 rw-p 001eb000 fc:02 398784                     /lib/x86_64-linux-gnu/libc-2.27.so
7ff691807000-7ff69180b000 rw-p 00000000 00:00 0 
7ff69180b000-7ff691832000 r-xp 00000000 fc:02 398772                     /lib/x86_64-linux-gnu/ld-2.27.so
7ff691853000-7ff691884000 r--p 00000000 fc:02 264065                     /usr/lib/locale/C.UTF-8/LC_CTYPE
7ff691884000-7ff691885000 r--p 00000000 fc:02 264070                     /usr/lib/locale/C.UTF-8/LC_NUMERIC
7ff691885000-7ff691886000 r--p 00000000 fc:02 264073                     /usr/lib/locale/C.UTF-8/LC_TIME
7ff691886000-7ff691887000 r--p 00000000 fc:02 264068                     /usr/lib/locale/C.UTF-8/LC_MONETARY
7ff691887000-7ff691888000 r--p 00000000 fc:02 264074                     /usr/lib/locale/C.UTF-8/LC_MESSAGES/SYS_LC_MESSAGES
7ff691888000-7ff691889000 r--p 00000000 fc:02 264071                     /usr/lib/locale/C.UTF-8/LC_PAPER
7ff691889000-7ff69188a000 r--p 00000000 fc:02 264069                     /usr/lib/locale/C.UTF-8/LC_NAME
7ff69188a000-7ff69188b000 r--p 00000000 fc:02 264062                     /usr/lib/locale/C.UTF-8/LC_ADDRESS
7ff69188b000-7ff691a26000 r--p 00000000 fc:02 278139                     /usr/lib/locale/locale-archive
7ff691a26000-7ff691a28000 rw-p 00000000 00:00 0 
7ff691a28000-7ff691a29000 r--p 00000000 fc:02 264072                     /usr/lib/locale/C.UTF-8/LC_TELEPHONE
7ff691a29000-7ff691a2a000 r--p 00000000 fc:02 264067                     /usr/lib/locale/C.UTF-8/LC_MEASUREMENT
7ff691a2a000-7ff691a31000 r--s 00000000 fc:02 270232                     /usr/lib/x86_64-linux-gnu/gconv/gconv-modules.cache
7ff691a31000-7ff691a32000 r--p 00000000 fc:02 264066                     /usr/lib/locale/C.UTF-8/LC_IDENTIFICATION
7ff691a32000-7ff691a33000 r--p 00027000 fc:02 398772                     /lib/x86_64-linux-gnu/ld-2.27.so
7ff691a33000-7ff691a34000 rw-p 00028000 fc:02 398772                     /lib/x86_64-linux-gnu/ld-2.27.so
7ff691a34000-7ff691a35000 rw-p 00000000 00:00 0 
7ffc71365000-7ffc71386000 rw-p 00000000 00:00 0                          [stack]
7ffc713f1000-7ffc713f4000 r--p 00000000 00:00 0                          [vvar]
7ffc713f4000-7ffc713f6000 r-xp 00000000 00:00 0                          [vdso]
ffffffffff600000-ffffffffff601000 r-xp 00000000 00:00 0                  [vsyscall]
