execve("./hello", ["./hello"], 0xbea374fc /* 39 vars */) = 0 <0.000394>
brk(NULL)                               = 0x1a2a000 <0.000019>
uname({sysname="Linux", nodename="raspberrypi", ...}) = 0 <0.000022>
mmap2(NULL, 8192, PROT_READ|PROT_WRITE, MAP_PRIVATE|MAP_ANONYMOUS, -1, 0) = 0xb6f23000 <0.000022>
access("/etc/ld.so.preload", R_OK)      = 0 <0.000026>
openat(AT_FDCWD, "/etc/ld.so.preload", O_RDONLY|O_LARGEFILE|O_CLOEXEC) = 3 <0.000025>
fstat64(3, {st_mode=S_IFREG|0644, st_size=54, ...}) = 0 <0.000021>
mmap2(NULL, 54, PROT_READ|PROT_WRITE, MAP_PRIVATE, 3, 0) = 0xb6f22000 <0.000022>
close(3)                                = 0 <0.000018>
readlink("/proc/self/exe", "/home/pi/src/linux-in-practice/0"..., 4096) = 65 <0.000061>
openat(AT_FDCWD, "/usr/lib/arm-linux-gnueabihf/libarmmem-v7l.so", O_RDONLY|O_LARGEFILE|O_CLOEXEC) = 3 <0.000027>
read(3, "\177ELF\1\1\1\0\0\0\0\0\0\0\0\0\3\0(\0\1\0\0\0\254\3\0\0004\0\0\0"..., 512) = 512 <0.000025>
_llseek(3, 16748, [16748], SEEK_SET)    = 0 <0.000019>
read(3, "\0\0\0\0\0\0\0\0\0\0\0\0\0\0\0\0\0\0\0\0\0\0\0\0\0\0\0\0\0\0\0\0"..., 960) = 960 <0.000022>
_llseek(3, 16424, [16424], SEEK_SET)    = 0 <0.000018>
read(3, "A,\0\0\0aeabi\0\1\"\0\0\0\0056\0\6\6\10\1\t\2\n\3\f\1\22\4\24"..., 45) = 45 <0.000020>
_llseek(3, 16748, [16748], SEEK_SET)    = 0 <0.000018>
read(3, "\0\0\0\0\0\0\0\0\0\0\0\0\0\0\0\0\0\0\0\0\0\0\0\0\0\0\0\0\0\0\0\0"..., 960) = 960 <0.000021>
_llseek(3, 16424, [16424], SEEK_SET)    = 0 <0.000018>
read(3, "A,\0\0\0aeabi\0\1\"\0\0\0\0056\0\6\6\10\1\t\2\n\3\f\1\22\4\24"..., 45) = 45 <0.000020>
_llseek(3, 16748, [16748], SEEK_SET)    = 0 <0.000018>
read(3, "\0\0\0\0\0\0\0\0\0\0\0\0\0\0\0\0\0\0\0\0\0\0\0\0\0\0\0\0\0\0\0\0"..., 960) = 960 <0.000021>
_llseek(3, 16424, [16424], SEEK_SET)    = 0 <0.000018>
read(3, "A,\0\0\0aeabi\0\1\"\0\0\0\0056\0\6\6\10\1\t\2\n\3\f\1\22\4\24"..., 45) = 45 <0.000020>
_llseek(3, 16748, [16748], SEEK_SET)    = 0 <0.000018>
read(3, "\0\0\0\0\0\0\0\0\0\0\0\0\0\0\0\0\0\0\0\0\0\0\0\0\0\0\0\0\0\0\0\0"..., 960) = 960 <0.000021>
_llseek(3, 16424, [16424], SEEK_SET)    = 0 <0.000018>
read(3, "A,\0\0\0aeabi\0\1\"\0\0\0\0056\0\6\6\10\1\t\2\n\3\f\1\22\4\24"..., 45) = 45 <0.000020>
_llseek(3, 16748, [16748], SEEK_SET)    = 0 <0.000018>
read(3, "\0\0\0\0\0\0\0\0\0\0\0\0\0\0\0\0\0\0\0\0\0\0\0\0\0\0\0\0\0\0\0\0"..., 960) = 960 <0.000022>
_llseek(3, 16424, [16424], SEEK_SET)    = 0 <0.000018>
read(3, "A,\0\0\0aeabi\0\1\"\0\0\0\0056\0\6\6\10\1\t\2\n\3\f\1\22\4\24"..., 45) = 45 <0.000020>
_llseek(3, 16748, [16748], SEEK_SET)    = 0 <0.000018>
read(3, "\0\0\0\0\0\0\0\0\0\0\0\0\0\0\0\0\0\0\0\0\0\0\0\0\0\0\0\0\0\0\0\0"..., 960) = 960 <0.000021>
_llseek(3, 16424, [16424], SEEK_SET)    = 0 <0.000018>
read(3, "A,\0\0\0aeabi\0\1\"\0\0\0\0056\0\6\6\10\1\t\2\n\3\f\1\22\4\24"..., 45) = 45 <0.000020>
fstat64(3, {st_mode=S_IFREG|0644, st_size=17708, ...}) = 0 <0.000020>
mmap2(NULL, 81964, PROT_READ|PROT_EXEC, MAP_PRIVATE|MAP_DENYWRITE, 3, 0) = 0xb6ee0000 <0.000024>
mprotect(0xb6ee4000, 61440, PROT_NONE)  = 0 <0.000029>
mmap2(0xb6ef3000, 8192, PROT_READ|PROT_WRITE, MAP_PRIVATE|MAP_FIXED|MAP_DENYWRITE, 3, 0x3000) = 0xb6ef3000 <0.000034>
close(3)                                = 0 <0.000019>
munmap(0xb6f22000, 54)                  = 0 <0.000034>
openat(AT_FDCWD, "/etc/ld.so.cache", O_RDONLY|O_LARGEFILE|O_CLOEXEC) = 3 <0.000025>
fstat64(3, {st_mode=S_IFREG|0644, st_size=77617, ...}) = 0 <0.000021>
mmap2(NULL, 77617, PROT_READ, MAP_PRIVATE, 3, 0) = 0xb6ecd000 <0.000022>
close(3)                                = 0 <0.000018>
openat(AT_FDCWD, "/lib/arm-linux-gnueabihf/libc.so.6", O_RDONLY|O_LARGEFILE|O_CLOEXEC) = 3 <0.000025>
read(3, "\177ELF\1\1\1\0\0\0\0\0\0\0\0\0\3\0(\0\1\0\0\0\300x\1\0004\0\0\0"..., 512) = 512 <0.000023>
_llseek(3, 1293204, [1293204], SEEK_SET) = 0 <0.000018>
read(3, "\0\0\0\0\0\0\0\0\0\0\0\0\0\0\0\0\0\0\0\0\0\0\0\0\0\0\0\0\0\0\0\0"..., 2800) = 2800 <0.000027>
_llseek(3, 1289788, [1289788], SEEK_SET) = 0 <0.000018>
read(3, "A.\0\0\0aeabi\0\1$\0\0\0\0056\0\6\6\10\1\t\1\n\2\22\4\23\1\24"..., 47) = 47 <0.000020>
_llseek(3, 1293204, [1293204], SEEK_SET) = 0 <0.000018>
read(3, "\0\0\0\0\0\0\0\0\0\0\0\0\0\0\0\0\0\0\0\0\0\0\0\0\0\0\0\0\0\0\0\0"..., 2800) = 2800 <0.000025>
_llseek(3, 1289788, [1289788], SEEK_SET) = 0 <0.000018>
read(3, "A.\0\0\0aeabi\0\1$\0\0\0\0056\0\6\6\10\1\t\1\n\2\22\4\23\1\24"..., 47) = 47 <0.000020>
_llseek(3, 1293204, [1293204], SEEK_SET) = 0 <0.000018>
read(3, "\0\0\0\0\0\0\0\0\0\0\0\0\0\0\0\0\0\0\0\0\0\0\0\0\0\0\0\0\0\0\0\0"..., 2800) = 2800 <0.000025>
_llseek(3, 1289788, [1289788], SEEK_SET) = 0 <0.000018>
read(3, "A.\0\0\0aeabi\0\1$\0\0\0\0056\0\6\6\10\1\t\1\n\2\22\4\23\1\24"..., 47) = 47 <0.000020>
_llseek(3, 1293204, [1293204], SEEK_SET) = 0 <0.000018>
read(3, "\0\0\0\0\0\0\0\0\0\0\0\0\0\0\0\0\0\0\0\0\0\0\0\0\0\0\0\0\0\0\0\0"..., 2800) = 2800 <0.000025>
_llseek(3, 1289788, [1289788], SEEK_SET) = 0 <0.000018>
read(3, "A.\0\0\0aeabi\0\1$\0\0\0\0056\0\6\6\10\1\t\1\n\2\22\4\23\1\24"..., 47) = 47 <0.000020>
_llseek(3, 1293204, [1293204], SEEK_SET) = 0 <0.000018>
read(3, "\0\0\0\0\0\0\0\0\0\0\0\0\0\0\0\0\0\0\0\0\0\0\0\0\0\0\0\0\0\0\0\0"..., 2800) = 2800 <0.000025>
_llseek(3, 1289788, [1289788], SEEK_SET) = 0 <0.000018>
read(3, "A.\0\0\0aeabi\0\1$\0\0\0\0056\0\6\6\10\1\t\1\n\2\22\4\23\1\24"..., 47) = 47 <0.000020>
_llseek(3, 1293204, [1293204], SEEK_SET) = 0 <0.000018>
read(3, "\0\0\0\0\0\0\0\0\0\0\0\0\0\0\0\0\0\0\0\0\0\0\0\0\0\0\0\0\0\0\0\0"..., 2800) = 2800 <0.000025>
_llseek(3, 1289788, [1289788], SEEK_SET) = 0 <0.000018>
read(3, "A.\0\0\0aeabi\0\1$\0\0\0\0056\0\6\6\10\1\t\1\n\2\22\4\23\1\24"..., 47) = 47 <0.000020>
fstat64(3, {st_mode=S_IFREG|0755, st_size=1296004, ...}) = 0 <0.000020>
mmap2(NULL, 1364764, PROT_READ|PROT_EXEC, MAP_PRIVATE|MAP_DENYWRITE, 3, 0) = 0xb6d7f000 <0.000025>
mprotect(0xb6eb7000, 65536, PROT_NONE)  = 0 <0.000031>
mmap2(0xb6ec7000, 12288, PROT_READ|PROT_WRITE, MAP_PRIVATE|MAP_FIXED|MAP_DENYWRITE, 3, 0x138000) = 0xb6ec7000 <0.000033>
mmap2(0xb6eca000, 8988, PROT_READ|PROT_WRITE, MAP_PRIVATE|MAP_FIXED|MAP_ANONYMOUS, -1, 0) = 0xb6eca000 <0.000030>
close(3)                                = 0 <0.000019>
set_tls(0xb6f24190)                     = 0 <0.000019>
mprotect(0xb6ec7000, 8192, PROT_READ)   = 0 <0.000026>
mprotect(0xb6ef3000, 4096, PROT_READ)   = 0 <0.000026>
mprotect(0x20000, 4096, PROT_READ)      = 0 <0.000024>
mprotect(0xb6f25000, 4096, PROT_READ)   = 0 <0.000025>
munmap(0xb6ecd000, 77617)               = 0 <0.000036>
fstat64(1, {st_mode=S_IFCHR|0620, st_rdev=makedev(0x88, 0x1), ...}) = 0 <0.000021>
brk(NULL)                               = 0x1a2a000 <0.000019>
brk(0x1a4b000)                          = 0x1a4b000 <0.000023>
write(1, "hello world\n", 12)           = 12 <0.000048>
exit_group(0)                           = ?
+++ exited with 0 +++
